HDF5-DIAG: Error detected in HDF5 (1.10.1) thread 0:
  #000: C:\autotest\hdf5110-StdRelease-code-10vs14\build\hdfsrc\src\H5G.c line 472 in H5Gopen2(): unable to open group
    major: Symbol table
    minor: Can't open object
  #001: C:\autotest\hdf5110-StdRelease-code-10vs14\build\hdfsrc\src\H5Gint.c line 287 in H5G__open_name(): group not found
    major: Symbol table
    minor: Object not found
  #002: C:\autotest\hdf5110-StdRelease-code-10vs14\build\hdfsrc\src\H5Gloc.c line 428 in H5G_loc_find(): can't find object
    major: Symbol table
    minor: Object not found
  #003: C:\autotest\hdf5110-StdRelease-code-10vs14\build\hdfsrc\src\H5Gtraverse.c line 867 in H5G_traverse(): internal path traversal failed
    major: Symbol table
    minor: Object not found
  #004: C:\autotest\hdf5110-StdRelease-code-10vs14\build\hdfsrc\src\H5Gtraverse.c line 639 in H5G_traverse_real(): traversal operator failed
    major: Symbol table
    minor: Callback failed
  #005: C:\autotest\hdf5110-StdRelease-code-10vs14\build\hdfsrc\src\H5Gloc.c line 383 in H5G_loc_find_cb(): object 'model_weights' doesn't exist
    major: Symbol table
    minor: Object not found
Exception in thread "main" java.lang.RuntimeException: Unknown exception.
	at org.bytedeco.javacpp.hdf5$H5Location.openGroup(Native Method)
	at org.deeplearning4j.nn.modelimport.keras.Hdf5Archive.openGroups(Hdf5Archive.java:72)
	at org.deeplearning4j.nn.modelimport.keras.Hdf5Archive.getGroups(Hdf5Archive.java:190)
	at org.deeplearning4j.nn.modelimport.keras.utils.KerasModelUtils.importWeights(KerasModelUtils.java:181)
	at org.deeplearning4j.nn.modelimport.keras.KerasSequentialModel.<init>(KerasSequentialModel.java:139)
	at org.deeplearning4j.nn.modelimport.keras.KerasSequentialModel.<init>(KerasSequentialModel.java:60)
	at org.deeplearning4j.nn.modelimport.keras.utils.KerasModelBuilder.buildSequential(KerasModelBuilder.java:147)
	at org.deeplearning4j.nn.modelimport.keras.KerasModelImport.importKerasSequentialModelAndWeights(KerasModelImport.java:271)
	at Test.main(Test.java:104)
